{
  "name": "LoginAlerts",
  "status": "failed",
  "statusDetails": {
    "known": false,
    "muted": false,
    "flaky": false,
    "message": "Element not found {input[name=email]}\nExpected: visible or transparent: visible or have css value opacity=0\nScreenshot: file:/C:/Users/Yasmin/IdeaProjects/untitled/build/reports/tests/1605489789107.0.png\nPage source: file:/C:/Users/Yasmin/IdeaProjects/untitled/build/reports/tests/1605489789107.0.html\nTimeout: 30 s.\nCaused by: NoSuchElementException: no such element: Unable to locate element: {\"method\":\"css selector\",\"selector\":\"input[name=email]\"}",
    "trace": "Element not found {input[name=email]}\nExpected: visible or transparent: visible or have css value opacity=0\nScreenshot: file:/C:/Users/Yasmin/IdeaProjects/untitled/build/reports/tests/1605489789107.0.png\nPage source: file:/C:/Users/Yasmin/IdeaProjects/untitled/build/reports/tests/1605489789107.0.html\nTimeout: 30 s.\nCaused by: NoSuchElementException: no such element: Unable to locate element: {\"method\":\"css selector\",\"selector\":\"input[name=email]\"}\r\n\tat com.codeborne.selenide.impl.WebElementSource.createElementNotFoundError(WebElementSource.java:37)\r\n\tat com.codeborne.selenide.impl.ElementFinder.createElementNotFoundError(ElementFinder.java:100)\r\n\tat com.codeborne.selenide.impl.WebElementSource.checkCondition(WebElementSource.java:65)\r\n\tat com.codeborne.selenide.impl.WebElementSource.findAndAssertElementIsInteractable(WebElementSource.java:87)\r\n\tat com.codeborne.selenide.commands.SetValue.execute(SetValue.java:29)\r\n\tat com.codeborne.selenide.commands.SetValue.execute(SetValue.java:12)\r\n\tat com.codeborne.selenide.commands.Commands.execute(Commands.java:145)\r\n\tat com.codeborne.selenide.impl.SelenideElementProxy.dispatchAndRetry(SelenideElementProxy.java:99)\r\n\tat com.codeborne.selenide.impl.SelenideElementProxy.invoke(SelenideElementProxy.java:65)\r\n\tat com.sun.proxy.$Proxy17.setValue(Unknown Source)\r\n\tat pages.LoginPage.with(LoginPage.java:16)\r\n\tat tests.LoginTests.LoginAlerts(LoginTests.java:37)\r\n\tat sun.reflect.NativeMethodAccessorImpl.invoke0(Native Method)\r\n\tat sun.reflect.NativeMethodAccessorImpl.invoke(NativeMethodAccessorImpl.java:62)\r\n\tat sun.reflect.DelegatingMethodAccessorImpl.invoke(DelegatingMethodAccessorImpl.java:43)\r\n\tat java.lang.reflect.Method.invoke(Method.java:498)\r\n\tat org.testng.internal.MethodInvocationHelper.invokeMethod(MethodInvocationHelper.java:133)\r\n\tat org.testng.internal.TestInvoker.invokeMethod(TestInvoker.java:584)\r\n\tat org.testng.internal.TestInvoker.invokeTestMethod(TestInvoker.java:172)\r\n\tat org.testng.internal.MethodRunner.runInSequence(MethodRunner.java:46)\r\n\tat org.testng.internal.TestInvoker$MethodInvocationAgent.invoke(TestInvoker.java:804)\r\n\tat org.testng.internal.TestInvoker.invokeTestMethods(TestInvoker.java:145)\r\n\tat org.testng.internal.TestMethodWorker.invokeTestMethods(TestMethodWorker.java:146)\r\n\tat org.testng.internal.TestMethodWorker.run(TestMethodWorker.java:128)\r\n\tat java.util.ArrayList.forEach(ArrayList.java:1257)\r\n\tat org.testng.TestRunner.privateRun(TestRunner.java:770)\r\n\tat org.testng.TestRunner.run(TestRunner.java:591)\r\n\tat org.testng.SuiteRunner.runTest(SuiteRunner.java:402)\r\n\tat org.testng.SuiteRunner.runSequentially(SuiteRunner.java:396)\r\n\tat org.testng.SuiteRunner.privateRun(SuiteRunner.java:355)\r\n\tat org.testng.SuiteRunner.run(SuiteRunner.java:304)\r\n\tat org.testng.SuiteRunnerWorker.runSuite(SuiteRunnerWorker.java:53)\r\n\tat org.testng.SuiteRunnerWorker.run(SuiteRunnerWorker.java:96)\r\n\tat org.testng.TestNG.runSuitesSequentially(TestNG.java:1180)\r\n\tat org.testng.TestNG.runSuitesLocally(TestNG.java:1102)\r\n\tat org.testng.TestNG.runSuites(TestNG.java:1032)\r\n\tat org.testng.TestNG.run(TestNG.java:1000)\r\n\tat com.intellij.rt.testng.IDEARemoteTestNG.run(IDEARemoteTestNG.java:66)\r\n\tat com.intellij.rt.testng.RemoteTestNGStarter.main(RemoteTestNGStarter.java:110)\r\nCaused by: org.openqa.selenium.NoSuchElementException: no such element: Unable to locate element: {\"method\":\"css selector\",\"selector\":\"input[name=email]\"}\n  (Session info: chrome=86.0.4240.193)\nFor documentation on this error, please visit: https://www.seleniumhq.org/exceptions/no_such_element.html\nBuild info: version: '3.141.59', revision: 'e82be7d358', time: '2018-11-14T08:17:03'\nSystem info: host: 'YASMIN-PC', ip: '192.168.99.1', os.name: 'Windows 10', os.arch: 'amd64', os.version: '10.0', java.version: '1.8.0_251'\nDriver info: org.openqa.selenium.chrome.ChromeDriver\nCapabilities {acceptInsecureCerts: false, browserName: chrome, browserVersion: 86.0.4240.193, chrome: {chromedriverVersion: 86.0.4240.22 (398b0743353ff..., userDataDir: C:\\Users\\Yasmin\\AppData\\Loc...}, goog:chromeOptions: {debuggerAddress: localhost:58263}, javascriptEnabled: true, networkConnectionEnabled: false, pageLoadStrategy: normal, platform: WINDOWS, platformName: WINDOWS, proxy: Proxy(), setWindowRect: true, strictFileInteractability: false, timeouts: {implicit: 0, pageLoad: 300000, script: 30000}, unhandledPromptBehavior: dismiss and notify, webauthn:virtualAuthenticators: true}\nSession ID: 2388b458844d4c246040930716b4f12c\n*** Element info: {Using=css selector, value=input[name=email]}\r\n\tat sun.reflect.GeneratedConstructorAccessor15.newInstance(Unknown Source)\r\n\tat sun.reflect.DelegatingConstructorAccessorImpl.newInstance(DelegatingConstructorAccessorImpl.java:45)\r\n\tat java.lang.reflect.Constructor.newInstance(Constructor.java:423)\r\n\tat org.openqa.selenium.remote.http.W3CHttpResponseCodec.createException(W3CHttpResponseCodec.java:187)\r\n\tat org.openqa.selenium.remote.http.W3CHttpResponseCodec.decode(W3CHttpResponseCodec.java:122)\r\n\tat org.openqa.selenium.remote.http.W3CHttpResponseCodec.decode(W3CHttpResponseCodec.java:49)\r\n\tat org.openqa.selenium.remote.HttpCommandExecutor.execute(HttpCommandExecutor.java:158)\r\n\tat org.openqa.selenium.remote.service.DriverCommandExecutor.execute(DriverCommandExecutor.java:83)\r\n\tat org.openqa.selenium.remote.RemoteWebDriver.execute(RemoteWebDriver.java:552)\r\n\tat org.openqa.selenium.remote.RemoteWebDriver.findElement(RemoteWebDriver.java:323)\r\n\tat org.openqa.selenium.remote.RemoteWebDriver.findElementByCssSelector(RemoteWebDriver.java:420)\r\n\tat org.openqa.selenium.By$ByCssSelector.findElement(By.java:431)\r\n\tat org.openqa.selenium.remote.RemoteWebDriver.findElement(RemoteWebDriver.java:315)\r\n\tat com.codeborne.selenide.impl.WebElementSelector.findElement(WebElementSelector.java:30)\r\n\tat com.codeborne.selenide.impl.ElementFinder.getWebElement(ElementFinder.java:74)\r\n\tat com.codeborne.selenide.impl.WebElementSource.checkCondition(WebElementSource.java:50)\r\n\t... 36 more\r\n"
  },
  "stage": "finished",
  "steps": [],
  "attachments": [],
  "parameters": [
    {
      "name": "arg2",
      "value": "Usuário e/ou senha inválidos"
    },
    {
      "name": "arg1",
      "value": "pwd12"
    },
    {
      "name": "arg0",
      "value": "julia@ninjaplus.com"
    }
  ],
  "start": 1605489687315,
  "stop": 1605489790117,
  "uuid": "8bcb07ef-6836-4a12-b73c-40a8f5513cc6",
  "historyId": "d2de59d6fce37bb79e2c8621ab10022b",
  "fullName": "tests.LoginTests.LoginAlerts",
  "labels": [
    {
      "name": "package",
      "value": "tests.LoginTests"
    },
    {
      "name": "testClass",
      "value": "tests.LoginTests"
    },
    {
      "name": "testMethod",
      "value": "LoginAlerts"
    },
    {
      "name": "parentSuite",
      "value": "Default Suite"
    },
    {
      "name": "suite",
      "value": "untitled"
    },
    {
      "name": "subSuite",
      "value": "tests.LoginTests"
    },
    {
      "name": "host",
      "value": "Yasmin-PC"
    },
    {
      "name": "thread",
      "value": "6960@Yasmin-PC.main(1)"
    },
    {
      "name": "framework",
      "value": "testng"
    },
    {
      "name": "language",
      "value": "java"
    }
  ],
  "links": []
}